This is pdfTeX, Version 3.14159265-2.6-1.40.20 (TeX Live 2019/Debian) (preloaded format=pdflatex 2020.12.28)  27 DEC 2021 07:56
entering extended mode
 \write18 enabled.
 %&-line parsing enabled.
**\nonstopmode\ CV_Myroshnychenko,_Maxym
LaTeX Font Info:    External font `cmex10' loaded for size
(Font)              <7> on input line 0.
LaTeX Font Info:    External font `cmex10' loaded for size
(Font)              <5> on input line 0.
! Emergency stop.
<*> \nonstopmode\ CV_Myroshnychenko,_Maxym
                                          
*** (job aborted, no legal \end found)

 
Here is how much of TeX's memory you used:
 15 strings out of 483183
 385 string characters out of 5966291
 231602 words of memory out of 5000000
 15135 multiletter control sequences out of 15000+600000
 532338 words of font info for 24 fonts, out of 8000000 for 9000
 14 hyphenation exceptions out of 8191
 17i,1n,15p,69b,56s stack positions out of 5000i,500n,10000p,200000b,80000s
!  ==> Fatal error occurred, no output PDF file produced!
